DELETE POST data received: Array
(
    [user_id] => 1
)

Delete user ID: 1
Delete result: failureDELETE POST data received: Array
(
    [user_id] => 1
)

Delete user ID: 1
Delete result: failureDELETE POST data received: Array
(
    [user_id] => 1
)

Delete user ID: 1
Delete result: failureDELETE POST data received: Array
(
    [user_id] => 1
)

Delete user ID: 1
Delete result: failureDELETE POST data received: Array
(
    [user_id] => 2
)

Delete user ID: 2
Delete result: failureDELETE POST data received: Array
(
    [user_id] => 2
)

Delete user ID: 2
Delete result: failureDELETE POST data received: Array
(
    [user_id] => 1
)

Delete user ID: 1
Delete result: failureDELETE POST data received: Array
(
    [user_id] => 1
)

Delete user ID: 1
Delete result: failureDELETE POST data received: Array
(
    [user_id] => 1
)

Delete user ID: 1
Delete result: failureDELETE POST data received: Array
(
    [user_id] => 1
)

Delete user ID: 1
Delete result: failureDELETE POST data received: Array
(
    [user_id] => 1
)

Delete user ID: 1
Exception: Cannot delete user due to the following dependencies: events.created_by (1 records), news.created_by (4 records), transparency_link.created_by (2 records), transparency_link.updated_by (2 records), transparency_section.created_by (1 records), transparency_section.updated_by (1 records)DELETE POST data received: Array
(
    [user_id] => 4
)

Delete user ID: 4
Delete result: success