SEARCH request received: Array
(
    [search] => 
    [role] => 
)
SEARCH request received: Array
(
    [search] => 
    [role] => Admin
)
SEARCH request received: Array
(
    [search] => 
    [role] => Moderator
)
SEARCH request received: Array
(
    [search] => 
    [role] => 
)
SEARCH request received: Array
(
    [search] => brex
    [role] => 
)
SEARCH request received: Array
(
    [search] => 
    [role] => 
)
SEARCH request received: Array
(
    [search] => 
    [role] => 
)
SEARCH request received: Array
(
    [search] => 
    [role] => 
)
SEARCH request received: Array
(
    [search] => nu
    [role] => 
)
SEARCH request received: Array
(
    [search] => nice
    [role] => 
)
SEARCH request received: Array
(
    [search] => nice
    [role] => Admin
)
SEARCH request received: Array
(
    [search] => 
    [role] => Admin
)
SEARCH request received: Array
(
    [search] => 
    [role] => Moderator
)
SEARCH request received: Array
(
    [search] => 
    [role] => 
)
